# JRE version: Java(TM) SE Runtime Environment 18.9 (11.0.20+9) (build 11.0.20+9-LTS-256)
# Java VM: Java HotSpot(TM) 64-Bit Server VM 18.9 (11.0.20+9-LTS-256, mixed mode, tiered, compressed oops, g1 gc, windows-amd64)
Heap:
 garbage-first heap   total 189440K, used 139290K [0x00000000a0000000, 0x0000000100000000)
  region size 1024K, 30 young (30720K), 5 survivors (5120K)
 Metaspace       used 125348K, capacity 128650K, committed 128848K, reserved 1161216K
  class space    used 16064K, capacity 17335K, committed 17408K, reserved 1048576K
GC Heap History (10 events):
Event: 5932.577 GC heap before
{Heap before GC invocations=72 (full 0):
 garbage-first heap   total 157696K, used 131801K [0x00000000a0000000, 0x0000000100000000)
  region size 1024K, 26 young (26624K), 3 survivors (3072K)
 Metaspace       used 119589K, capacity 122314K, committed 122448K, reserved 1155072K
  class space    used 15232K, capacity 16289K, committed 16384K, reserved 1048576K
}
Event: 5932.588 GC heap after
{Heap after GC invocations=73 (full 0):
 garbage-first heap   total 157696K, used 110991K [0x00000000a0000000, 0x0000000100000000)
  region size 1024K, 4 young (4096K), 4 survivors (4096K)
 Metaspace       used 119589K, capacity 122314K, committed 122448K, reserved 1155072K
  class space    used 15232K, capacity 16289K, committed 16384K, reserved 1048576K
}
Event: 5932.768 GC heap before
{Heap before GC invocations=73 (full 0):
 garbage-first heap   total 157696K, used 132495K [0x00000000a0000000, 0x0000000100000000)
  region size 1024K, 25 young (25600K), 4 survivors (4096K)
 Metaspace       used 119595K, capacity 122314K, committed 122448K, reserved 1155072K
  class space    used 15232K, capacity 16289K, committed 16384K, reserved 1048576K
}
Event: 5932.777 GC heap after
{Heap after GC invocations=74 (full 0):
 garbage-first heap   total 189440K, used 113318K [0x00000000a0000000, 0x0000000100000000)
  region size 1024K, 3 young (3072K), 3 survivors (3072K)
 Metaspace       used 119595K, capacity 122314K, committed 122448K, reserved 1155072K
  class space    used 15232K, capacity 16289K, committed 16384K, reserved 1048576K
}
Event: 5933.319 GC heap before
{Heap before GC invocations=74 (full 0):
 garbage-first heap   total 189440K, used 144038K [0x00000000a0000000, 0x0000000100000000)
  region size 1024K, 33 young (33792K), 3 survivors (3072K)
 Metaspace       used 119694K, capacity 122442K, committed 122704K, reserved 1155072K
  class space    used 15232K, capacity 16289K, committed 16384K, reserved 1048576K
}
Event: 5933.329 GC heap after
{Heap after GC invocations=75 (full 0):
 garbage-first heap   total 189440K, used 115413K [0x00000000a0000000, 0x0000000100000000)
  region size 1024K, 5 young (5120K), 5 survivors (5120K)
 Metaspace       used 119694K, capacity 122442K, committed 122704K, reserved 1155072K
  class space    used 15232K, capacity 16289K, committed 16384K, reserved 1048576K
}
Event: 5934.567 GC heap before
{Heap before GC invocations=75 (full 0):
 garbage-first heap   total 189440K, used 146133K [0x00000000a0000000, 0x0000000100000000)
  region size 1024K, 35 young (35840K), 5 survivors (5120K)
 Metaspace       used 121203K, capacity 124197K, committed 124368K, reserved 1157120K
  class space    used 15370K, capacity 16506K, committed 16512K, reserved 1048576K
}
Event: 5934.577 GC heap after
{Heap after GC invocations=76 (full 0):
 garbage-first heap   total 189440K, used 113169K [0x00000000a0000000, 0x0000000100000000)
  region size 1024K, 3 young (3072K), 3 survivors (3072K)
 Metaspace       used 121203K, capacity 124197K, committed 124368K, reserved 1157120K
  class space    used 15370K, capacity 16506K, committed 16512K, reserved 1048576K
}
Event: 5936.295 GC heap before
{Heap before GC invocations=76 (full 0):
 garbage-first heap   total 189440K, used 146961K [0x00000000a0000000, 0x0000000100000000)
  region size 1024K, 36 young (36864K), 3 survivors (3072K)
 Metaspace       used 123640K, capacity 126823K, committed 126928K, reserved 1159168K
  class space    used 15766K, capacity 16966K, committed 17024K, reserved 1048576K
}
Event: 5936.305 GC heap after
{Heap after GC invocations=77 (full 0):
 garbage-first heap   total 189440K, used 114714K [0x00000000a0000000, 0x0000000100000000)
  region size 1024K, 5 young (5120K), 5 survivors (5120K)
 Metaspace       used 123640K, capacity 126823K, committed 126928K, reserved 1159168K
  class space    used 15766K, capacity 16966K, committed 17024K, reserved 1048576K
}

